#
# A fatal error has been detected by the Java Runtime Environment:
#
#  EXCEPTION_ACCESS_VIOLATION (0xc0000005) at pc=0x00007ffe800dc9e6, pid=6648, tid=1696
#
# JRE version: OpenJDK Runtime Environment (11.0.10) (build 11.0.10+0-b96-7249189)
# Java VM: OpenJDK 64-Bit Server VM (11.0.10+0-b96-7249189, mixed mode, tiered, compressed oops, g1 gc, windows-amd64)
# Problematic frame:
# V  [jvm.dll+0x18c9e6]
#
# No core dump will be written. Minidumps are not enabled by default on client versions of Windows
#
# If you would like to submit a bug report, please visit:
#   https://bugreport.java.com/bugreport/crash.jsp
#

---------------  S U M M A R Y ------------

Command Line: --add-opens=java.base/java.util=ALL-UNNAMED --add-opens=java.base/java.lang=ALL-UNNAMED --add-opens=java.base/java.lang.invoke=ALL-UNNAMED --add-opens=java.base/java.util=ALL-UNNAMED --add-opens=java.prefs/java.util.prefs=ALL-UNNAMED --add-opens=java.prefs/java.util.prefs=ALL-UNNAMED --add-opens=java.base/java.nio.charset=ALL-UNNAMED --add-opens=java.base/java.net=ALL-UNNAMED --add-opens=java.base/java.util.concurrent.atomic=ALL-UNNAMED -Xmx2048m -Dfile.encoding=UTF-8 -Duser.country=BR -Duser.language=pt -Duser.variant org.gradle.launcher.daemon.bootstrap.GradleDaemon 7.0.2

Host: Intel(R) Core(TM) i7-10510U CPU @ 1.80GHz, 8 cores, 15G,  Windows 10 , 64 bit Build 19041 (10.0.19041.1202)
Time: Mon Oct 18 16:31:39 2021 Hora oficial do Brasil elapsed time: 1.787048 seconds (0d 0h 0m 1s)

---------------  T H R E A D  ---------------

Current thread (0x000002043c704800):  GCTaskThread "GC Thread#1" [stack: 0x0000001812700000,0x0000001812800000] [id=1696]

Stack: [0x0000001812700000,0x0000001812800000],  sp=0x00000018127fe228,  free space=1016k
Native frames: (J=compiled Java code, j=interpreted, Vv=VM code, C=native code)
V  [jvm.dll+0x18c9e6]


siginfo: EXCEPTION_ACCESS_VIOLATION (0xc0000005), reading address 0x000000039b932ab8


Register to memory mapping:

RIP=0x00007ffe800dc9e6 jvm.dll
RAX=0x0000000000000001 is an unknown value
RBX=0x000000008960a8ac is pointing into object: java.lang.Package 
{0x000000008960a898} - klass: 'java/lang/Package'
RCX=0x000000008b230250 is pointing into object: [B 
{0x000000008b230230} - klass: {type array byte}
 - length: 71
RDX=0x000000008b230250 is pointing into object: [B 
{0x000000008b230230} - klass: {type array byte}
 - length: 71
RSP=0x00000018127fe228 points into unknown readable memory: 0x00007ffe8024f61c | 1c f6 24 80 fe 7f 00 00
RBP=0x2f6c616e7265746e is an unknown value
RSI=0x000002043cda8240 points into unknown readable memory: 0x00007ffe807730f8 | f8 30 77 80 fe 7f 00 00
RDI=0x000002043cda8240 points into unknown readable memory: 0x00007ffe807730f8 | f8 30 77 80 fe 7f 00 00
R8 =0x000000008b230250 is pointing into object: [B 
{0x000000008b230230} - klass: {type array byte}
 - length: 71
R9 =0x000000039b932ab0 is an unknown value
R10=0x000000008b230250 is pointing into object: [B 
{0x000000008b230230} - klass: {type array byte}
 - length: 71
R11=0x000002043cda83b0 points into unknown readable memory: 0x00007ffe807730b0 | b0 30 77 80 fe 7f 00 00
R12=0x0 is NULL
R13=0x0 is NULL
R14=0x0000020420b36e30 points into unknown readable memory: 0x0000008900000097 | 97 00 00 00 89 00 00 00
R15=0x000000008b230250 is pointing into object: [B 
{0x000000008b230230} - klass: {type array byte}
 - length: 71


Registers:
RAX=0x0000000000000001, RBX=0x000000008960a8ac, RCX=0x000000008b230250, RDX=0x000000008b230250
RSP=0x00000018127fe228, RBP=0x2f6c616e7265746e, RSI=0x000002043cda8240, RDI=0x000002043cda8240
R8 =0x000000008b230250, R9 =0x000000039b932ab0, R10=0x000000008b230250, R11=0x000002043cda83b0
R12=0x0000000000000000, R13=0x0000000000000000, R14=0x0000020420b36e30, R15=0x000000008b230250
RIP=0x00007ffe800dc9e6, EFLAGS=0x0000000000010202

Top of Stack: (sp=0x00000018127fe228)
0x00000018127fe228:   00007ffe8024f61c 000000008960a801
0x00000018127fe238:   0000000000000005 000002043cda8240
0x00000018127fe248:   0000000089608051 0000020420b36db0
0x00000018127fe258:   000000000000000b 0000004c3cda83b0
0x00000018127fe268:   000000000000000d 0000000000000000
0x00000018127fe278:   000002043cda8240 0000000000000040
0x00000018127fe288:   0000020420b36e30 0000000000000000
0x00000018127fe298:   000002043cda8240 000002043dbc3bf8
0x00000018127fe2a8:   00007ffe80221282 000002043cda8240
0x00000018127fe2b8:   00007ffe80217401 0000000000000080
0x00000018127fe2c8:   000000008960a8ac 0000020420b36db0
0x00000018127fe2d8:   00007ffe8024db7b 000000000000012f
0x00000018127fe2e8:   0000000000000128 000002043dbc3bf8
0x00000018127fe2f8:   00007ffe80224144 000002043c704800
0x00000018127fe308:   0000000089b0fb55 0000000000000000
0x00000018127fe318:   00007ffe805370ff 00000018127fe3c0 

Instructions: (pc=0x00007ffe800dc9e6)
0x00007ffe800dc8e6:   82 00 48 d3 e0 48 03 05 1e 22 82 00 eb 04 48 8b
0x00007ffe800dc8f6:   43 08 81 78 08 00 00 00 c0 73 7d 48 8b 4f 38 48
0x00007ffe800dc906:   8b d3 48 8b 01 ff 50 20 84 c0 75 6c 38 05 80 ac
0x00007ffe800dc916:   86 00 74 15 8b 53 08 8b 0d f5 21 82 00 48 d3 e2
0x00007ffe800dc926:   48 03 15 e3 21 82 00 eb 04 48 8b 53 08 48 8b cb
0x00007ffe800dc936:   48 89 5c 24 20 e8 a0 00 00 00 80 7f 30 00 48 63
0x00007ffe800dc946:   c8 48 89 4c 24 28 0f 28 44 24 20 74 17 0f 11 86
0x00007ffe800dc956:   98 03 00 00 48 8b 5c 24 40 48 8b 74 24 48 48 83
0x00007ffe800dc966:   c4 30 5f c3 48 8b 07 48 8d 54 24 20 48 8b cf 66
0x00007ffe800dc976:   0f 7f 44 24 20 ff 50 38 48 8b 5c 24 40 48 8b 74
0x00007ffe800dc986:   24 48 48 83 c4 30 5f c3 cc cc 48 8b 49 38 48 8b
0x00007ffe800dc996:   01 48 ff 60 28 cc cc cc cc cc 80 3d f1 ab 86 00
0x00007ffe800dc9a6:   00 48 8b c1 74 1b 8b 51 08 8b 0d 63 21 82 00 48
0x00007ffe800dc9b6:   d3 e2 48 8b c8 48 03 15 4e 21 82 00 e9 19 00 00
0x00007ffe800dc9c6:   00 48 8b 51 08 48 8b c8 e9 0d 00 00 00 cc cc cc
0x00007ffe800dc9d6:   cc cc cc cc cc cc cc cc cc cc 4c 8b ca 48 8b d1
0x00007ffe800dc9e6:   45 8b 41 08 45 85 c0 7e 0e 41 f6 c0 01 75 59 41
0x00007ffe800dc9f6:   c1 f8 03 41 8b c0 c3 79 4f 80 3d 92 ab 86 00 00
0x00007ffe800dca06:   b8 0c 00 00 00 b9 10 00 00 00 0f 45 c8 8b 05 ab
0x00007ffe800dca16:   6c 80 00 ff c8 4c 63 c8 48 63 c1 41 8b c8 83 e1
0x00007ffe800dca26:   3f 48 63 14 10 41 8b c0 48 c1 f8 10 0f b6 c0 48
0x00007ffe800dca36:   d3 e2 49 8d 0c 11 49 f7 d1 48 03 c1 49 c1 e9 03
0x00007ffe800dca46:   48 c1 e8 03 41 23 c1 c3 49 8b 01 49 8b c9 48 ff
0x00007ffe800dca56:   a0 10 01 00 00 cc cc cc cc cc 48 83 ec 38 0f 10
0x00007ffe800dca66:   02 48 8b 49 38 48 8d 54 24 20 0f 29 44 24 20 e8
0x00007ffe800dca76:   56 f0 ff ff 48 83 c4 38 c3 cc 48 89 5c 24 08 55
0x00007ffe800dca86:   56 57 41 54 41 55 41 56 41 57 48 8d 6c 24 e0 48
0x00007ffe800dca96:   81 ec 20 01 00 00 48 8b 05 5d a5 83 00 48 33 c4
0x00007ffe800dcaa6:   48 89 45 10 48 8b 05 df 15 86 00 45 33 ed 4c 8b
0x00007ffe800dcab6:   b5 80 00 00 00 4c 8b fa 48 8b bd 88 00 00 00 4d
0x00007ffe800dcac6:   8b c6 49 8b d6 49 8b f1 48 8b 48 38 48 8b 59 48
0x00007ffe800dcad6:   49 8b cf c7 45 c0 ff ff ff ff 44 89 6d d4 4c 89 


Stack slot to memory mapping:
stack at sp + 0 slots: 0x00007ffe8024f61c jvm.dll
stack at sp + 1 slots: 0x000000008960a801 is pointing into object: java.lang.Package$VersionInfo 
{0x000000008960a7f0} - klass: 'java/lang/Package$VersionInfo'
stack at sp + 2 slots: 0x0000000000000005 is an unknown value
stack at sp + 3 slots: 0x000002043cda8240 points into unknown readable memory: 0x00007ffe807730f8 | f8 30 77 80 fe 7f 00 00
stack at sp + 4 slots: 0x0000000089608051 is pointing into object: [Ljava.util.concurrent.ConcurrentHashMap$Node; 
{0x0000000089607e48} - klass: 'java/util/concurrent/ConcurrentHashMap$Node'[]
 - length: 128
stack at sp + 5 slots: 0x0000020420b36db0 points into unknown readable memory: 0x000000000000012f | 2f 01 00 00 00 00 00 00
stack at sp + 6 slots: 0x000000000000000b is an unknown value
stack at sp + 7 slots: 0x0000004c3cda83b0 is an unknown value


---------------  P R O C E S S  ---------------

Threads class SMR info:
_java_thread_list=0x000002043c16ba20, length=22, elements={
0x0000020420b1c000, 0x000002043bfb7000, 0x000002043bfc5000, 0x000002043c01b000,
0x000002043c01d000, 0x000002043c01e000, 0x000002043c01f000, 0x000002043c020800,
0x000002043c028000, 0x000002043c190800, 0x000002043d749800, 0x000002043c5b7800,
0x000002043dbaa000, 0x000002043ecd3800, 0x000002043dbe6000, 0x000002043e1ae000,
0x000002043e1af000, 0x000002043d0a8000, 0x000002043e180800, 0x000002043e566800,
0x000002043e567800, 0x000002043e566000
}

Java Threads: ( => current thread )
  0x0000020420b1c000 JavaThread "main" [_thread_blocked, id=6824, stack(0x0000001811500000,0x0000001811600000)]
  0x000002043bfb7000 JavaThread "Reference Handler" daemon [_thread_blocked, id=7368, stack(0x0000001811c00000,0x0000001811d00000)]
  0x000002043bfc5000 JavaThread "Finalizer" daemon [_thread_blocked, id=10064, stack(0x0000001811d00000,0x0000001811e00000)]
  0x000002043c01b000 JavaThread "Signal Dispatcher" daemon [_thread_blocked, id=2636, stack(0x0000001811e00000,0x0000001811f00000)]
  0x000002043c01d000 JavaThread "Attach Listener" daemon [_thread_blocked, id=9992, stack(0x0000001811f00000,0x0000001812000000)]
  0x000002043c01e000 JavaThread "Service Thread" daemon [_thread_blocked, id=9900, stack(0x0000001812000000,0x0000001812100000)]
  0x000002043c01f000 JavaThread "C2 CompilerThread0" daemon [_thread_blocked, id=7220, stack(0x0000001812100000,0x0000001812200000)]
  0x000002043c020800 JavaThread "C1 CompilerThread0" daemon [_thread_blocked, id=10960, stack(0x0000001812200000,0x0000001812300000)]
  0x000002043c028000 JavaThread "Sweeper thread" daemon [_thread_blocked, id=5776, stack(0x0000001812300000,0x0000001812400000)]
  0x000002043c190800 JavaThread "Common-Cleaner" daemon [_thread_blocked, id=3432, stack(0x0000001812400000,0x0000001812500000)]
  0x000002043d749800 JavaThread "Daemon health stats" [_thread_blocked, id=10748, stack(0x0000001812d00000,0x0000001812e00000)]
  0x000002043c5b7800 JavaThread "Incoming local TCP Connector on port 63523" [_thread_in_native, id=4080, stack(0x0000001812600000,0x0000001812700000)]
  0x000002043dbaa000 JavaThread "Daemon periodic checks" [_thread_blocked, id=5984, stack(0x0000001812c00000,0x0000001812d00000)]
  0x000002043ecd3800 JavaThread "Daemon" [_thread_blocked, id=2272, stack(0x0000001812e00000,0x0000001812f00000)]
  0x000002043dbe6000 JavaThread "Handler for socket connection from /127.0.0.1:63523 to /127.0.0.1:63524" [_thread_in_native, id=4280, stack(0x0000001812f00000,0x0000001813000000)]
  0x000002043e1ae000 JavaThread "Cancel handler" [_thread_blocked, id=9712, stack(0x0000001813000000,0x0000001813100000)]
  0x000002043e1af000 JavaThread "Daemon worker" [_thread_blocked, id=1908, stack(0x0000001813100000,0x0000001813200000)]
  0x000002043d0a8000 JavaThread "Asynchronous log dispatcher for DefaultDaemonConnection: socket connection from /127.0.0.1:63523 to /127.0.0.1:63524" [_thread_blocked, id=6896, stack(0x0000001813200000,0x0000001813300000)]
  0x000002043e180800 JavaThread "Stdin handler" [_thread_blocked, id=9688, stack(0x0000001813300000,0x0000001813400000)]
  0x000002043e566800 JavaThread "Daemon client event forwarder" [_thread_blocked, id=9148, stack(0x0000001813400000,0x0000001813500000)]
  0x000002043e567800 JavaThread "Cache worker for file hash cache (C:\Users\feandrade\.gradle\caches\7.0.2\fileHashes)" [_thread_blocked, id=6404, stack(0x0000001813500000,0x0000001813600000)]
  0x000002043e566000 JavaThread "File lock request listener" [_thread_in_native, id=9364, stack(0x0000001813600000,0x0000001813700000)]

Other Threads:
  0x000002043bfb5000 VMThread "VM Thread" [stack: 0x0000001811b00000,0x0000001811c00000] [id=5744]
  0x000002043c1ac000 WatcherThread [stack: 0x0000001812500000,0x0000001812600000] [id=8648]
  0x0000020420b34000 GCTaskThread "GC Thread#0" [stack: 0x0000001811600000,0x0000001811700000] [id=2268]
=>0x000002043c704800 GCTaskThread "GC Thread#1" [stack: 0x0000001812700000,0x0000001812800000] [id=1696]
  0x000002043cffd000 GCTaskThread "GC Thread#2" [stack: 0x0000001812800000,0x0000001812900000] [id=10504]
  0x000002043cffd800 GCTaskThread "GC Thread#3" [stack: 0x0000001812900000,0x0000001812a00000] [id=6192]
  0x000002043cf40800 GCTaskThread "GC Thread#4" [stack: 0x0000001812a00000,0x0000001812b00000] [id=4044]
  0x000002043cbd6800 GCTaskThread "GC Thread#5" [stack: 0x0000001812b00000,0x0000001812c00000] [id=7644]
  0x000002043ed09800 GCTaskThread "GC Thread#6" [stack: 0x0000001813700000,0x0000001813800000] [id=10692]
  0x000002043d712000 GCTaskThread "GC Thread#7" [stack: 0x0000001813800000,0x0000001813900000] [id=4048]
  0x0000020420b68000 ConcurrentGCThread "G1 Main Marker" [stack: 0x0000001811700000,0x0000001811800000] [id=10192]
  0x0000020420b69000 ConcurrentGCThread "G1 Conc#0" [stack: 0x0000001811800000,0x0000001811900000] [id=6212]
  0x000002043b604800 ConcurrentGCThread "G1 Refine#0" [stack: 0x0000001811900000,0x0000001811a00000] [id=3600]
  0x000002043b605800 ConcurrentGCThread "G1 Young RemSet Sampling" [stack: 0x0000001811a00000,0x0000001811b00000] [id=9064]

Threads with active compile tasks:
C2 CompilerThread0   1800 1869   !   4       java.util.zip.ZipFile$ZipFileInputStream::close (59 bytes)

VM state:at safepoint (normal execution)

VM Mutex/Monitor currently owned by a thread:  ([mutex/lock_event])
[0x0000020420b186a0] Threads_lock - owner thread: 0x000002043bfb5000
[0x0000020420b19ae0] Heap_lock - owner thread: 0x000002043e1af000

Heap address: 0x0000000080000000, size: 2048 MB, Compressed Oops mode: 32-bit
Narrow klass base: 0x0000000000000000, Narrow klass shift: 3
Compressed class space size: 1073741824 Address: 0x0000000100000000

Heap:
 garbage-first heap   total 260096K, used 106979K [0x0000000080000000, 0x0000000100000000)
  region size 1024K, 104 young (106496K), 9 survivors (9216K)
 Metaspace       used 20526K, capacity 21088K, committed 21248K, reserved 1067008K
  class space    used 2505K, capacity 2690K, committed 2816K, reserved 1048576K
Heap Regions: E=young(eden), S=young(survivor), O=old, HS=humongous(starts), HC=humongous(continues), CS=collection set, F=free, A=archive, TAMS=top-at-mark-start (previous, next)
|   0|0x0000000080000000, 0x0000000080100000, 0x0000000080100000|100%|HS|  |TAMS 0x0000000080000000, 0x0000000080100000| Complete 
|   1|0x0000000080100000, 0x0000000080100000, 0x0000000080200000|  0%| F|  |TAMS 0x0000000080100000, 0x0000000080100000| Untracked 
|   2|0x0000000080200000, 0x0000000080200000, 0x0000000080300000|  0%| F|  |TAMS 0x0000000080200000, 0x0000000080200000| Untracked 
|   3|0x0000000080300000, 0x0000000080400000, 0x0000000080400000|100%|HS|  |TAMS 0x0000000080300000, 0x0000000080400000| Complete 
|   4|0x0000000080400000, 0x0000000080500000, 0x0000000080500000|100%|HC|  |TAMS 0x0000000080400000, 0x0000000080500000| Complete 
|   5|0x0000000080500000, 0x0000000080600000, 0x0000000080600000|100%|HC|  |TAMS 0x0000000080500000, 0x0000000080600000| Complete 
|   6|0x0000000080600000, 0x0000000080700000, 0x0000000080700000|100%| O|  |TAMS 0x0000000080600000, 0x0000000080700000| Untracked 
|   7|0x0000000080700000, 0x0000000080800000, 0x0000000080800000|100%| O|  |TAMS 0x0000000080700000, 0x0000000080800000| Untracked 
|   8|0x0000000080800000, 0x00000000808f8600, 0x0000000080900000| 97%| O|  |TAMS 0x0000000080800000, 0x0000000080900000| Untracked 
|   9|0x0000000080900000, 0x0000000080900000, 0x0000000080a00000|  0%| F|  |TAMS 0x0000000080900000, 0x0000000080900000| Untracked 
|  10|0x0000000080a00000, 0x0000000080a00000, 0x0000000080b00000|  0%| F|  |TAMS 0x0000000080a00000, 0x0000000080a00000| Untracked 
|  11|0x0000000080b00000, 0x0000000080b00000, 0x0000000080c00000|  0%| F|  |TAMS 0x0000000080b00000, 0x0000000080b00000| Untracked 
|  12|0x0000000080c00000, 0x0000000080c00000, 0x0000000080d00000|  0%| F|  |TAMS 0x0000000080c00000, 0x0000000080c00000| Untracked 
|  13|0x0000000080d00000, 0x0000000080d00000, 0x0000000080e00000|  0%| F|  |TAMS 0x0000000080d00000, 0x0000000080d00000| Untracked 
|  14|0x0000000080e00000, 0x0000000080e00000, 0x0000000080f00000|  0%| F|  |TAMS 0x0000000080e00000, 0x0000000080e00000| Untracked 
|  15|0x0000000080f00000, 0x0000000080f00000, 0x0000000081000000|  0%| F|  |TAMS 0x0000000080f00000, 0x0000000080f00000| Untracked 
|  16|0x0000000081000000, 0x0000000081000000, 0x0000000081100000|  0%| F|  |TAMS 0x0000000081000000, 0x0000000081000000| Untracked 
|  17|0x0000000081100000, 0x0000000081100000, 0x0000000081200000|  0%| F|  |TAMS 0x0000000081100000, 0x0000000081100000| Untracked 
|  18|0x0000000081200000, 0x0000000081200000, 0x0000000081300000|  0%| F|  |TAMS 0x0000000081200000, 0x0000000081200000| Untracked 
|  19|0x0000000081300000, 0x0000000081300000, 0x0000000081400000|  0%| F|  |TAMS 0x0000000081300000, 0x0000000081300000| Untracked 
|  20|0x0000000081400000, 0x0000000081400000, 0x0000000081500000|  0%| F|  |TAMS 0x0000000081400000, 0x0000000081400000| Untracked 
|  21|0x0000000081500000, 0x0000000081500000, 0x0000000081600000|  0%| F|  |TAMS 0x0000000081500000, 0x0000000081500000| Untracked 
|  22|0x0000000081600000, 0x0000000081600000, 0x0000000081700000|  0%| F|  |TAMS 0x0000000081600000, 0x0000000081600000| Untracked 
|  23|0x0000000081700000, 0x0000000081700000, 0x0000000081800000|  0%| F|  |TAMS 0x0000000081700000, 0x0000000081700000| Untracked 
|  24|0x0000000081800000, 0x0000000081800000, 0x0000000081900000|  0%| F|  |TAMS 0x0000000081800000, 0x0000000081800000| Untracked 
|  25|0x0000000081900000, 0x0000000081900000, 0x0000000081a00000|  0%| F|  |TAMS 0x0000000081900000, 0x0000000081900000| Untracked 
|  26|0x0000000081a00000, 0x0000000081a00000, 0x0000000081b00000|  0%| F|  |TAMS 0x0000000081a00000, 0x0000000081a00000| Untracked 
|  27|0x0000000081b00000, 0x0000000081b00000, 0x0000000081c00000|  0%| F|  |TAMS 0x0000000081b00000, 0x0000000081b00000| Untracked 
|  28|0x0000000081c00000, 0x0000000081c00000, 0x0000000081d00000|  0%| F|  |TAMS 0x0000000081c00000, 0x0000000081c00000| Untracked 
|  29|0x0000000081d00000, 0x0000000081d00000, 0x0000000081e00000|  0%| F|  |TAMS 0x0000000081d00000, 0x0000000081d00000| Untracked 
|  30|0x0000000081e00000, 0x0000000081e00000, 0x0000000081f00000|  0%| F|  |TAMS 0x0000000081e00000, 0x0000000081e00000| Untracked 
|  31|0x0000000081f00000, 0x0000000081f00000, 0x0000000082000000|  0%| F|  |TAMS 0x0000000081f00000, 0x0000000081f00000| Untracked 
|  32|0x0000000082000000, 0x0000000082000000, 0x0000000082100000|  0%| F|  |TAMS 0x0000000082000000, 0x0000000082000000| Untracked 
|  33|0x0000000082100000, 0x0000000082100000, 0x0000000082200000|  0%| F|  |TAMS 0x0000000082100000, 0x0000000082100000| Untracked 
|  34|0x0000000082200000, 0x0000000082200000, 0x0000000082300000|  0%| F|  |TAMS 0x0000000082200000, 0x0000000082200000| Untracked 
|  35|0x0000000082300000, 0x0000000082300000, 0x0000000082400000|  0%| F|  |TAMS 0x0000000082300000, 0x0000000082300000| Untracked 
|  36|0x0000000082400000, 0x0000000082400000, 0x0000000082500000|  0%| F|  |TAMS 0x0000000082400000, 0x0000000082400000| Untracked 
|  37|0x0000000082500000, 0x0000000082500000, 0x0000000082600000|  0%| F|  |TAMS 0x0000000082500000, 0x0000000082500000| Untracked 
|  38|0x0000000082600000, 0x0000000082600000, 0x0000000082700000|  0%| F|  |TAMS 0x0000000082600000, 0x0000000082600000| Untracked 
|  39|0x0000000082700000, 0x0000000082700000, 0x0000000082800000|  0%| F|  |TAMS 0x0000000082700000, 0x0000000082700000| Untracked 
|  40|0x0000000082800000, 0x0000000082800000, 0x0000000082900000|  0%| F|  |TAMS 0x0000000082800000, 0x0000000082800000| Untracked 
|  41|0x0000000082900000, 0x0000000082900000, 0x0000000082a00000|  0%| F|  |TAMS 0x0000000082900000, 0x0000000082900000| Untracked 
|  42|0x0000000082a00000, 0x0000000082a00000, 0x0000000082b00000|  0%| F|  |TAMS 0x0000000082a00000, 0x0000000082a00000| Untracked 
|  43|0x0000000082b00000, 0x0000000082b00000, 0x0000000082c00000|  0%| F|  |TAMS 0x0000000082b00000, 0x0000000082b00000| Untracked 
|  44|0x0000000082c00000, 0x0000000082c00000, 0x0000000082d00000|  0%| F|  |TAMS 0x0000000082c00000, 0x0000000082c00000| Untracked 
|  45|0x0000000082d00000, 0x0000000082d00000, 0x0000000082e00000|  0%| F|  |TAMS 0x0000000082d00000, 0x0000000082d00000| Untracked 
|  46|0x0000000082e00000, 0x0000000082e00000, 0x0000000082f00000|  0%| F|  |TAMS 0x0000000082e00000, 0x0000000082e00000| Untracked 
|  47|0x0000000082f00000, 0x0000000082f00000, 0x0000000083000000|  0%| F|  |TAMS 0x0000000082f00000, 0x0000000082f00000| Untracked 
|  48|0x0000000083000000, 0x0000000083000000, 0x0000000083100000|  0%| F|  |TAMS 0x0000000083000000, 0x0000000083000000| Untracked 
|  49|0x0000000083100000, 0x0000000083100000, 0x0000000083200000|  0%| F|  |TAMS 0x0000000083100000, 0x0000000083100000| Untracked 
|  50|0x0000000083200000, 0x0000000083200000, 0x0000000083300000|  0%| F|  |TAMS 0x0000000083200000, 0x0000000083200000| Untracked 
|  51|0x0000000083300000, 0x0000000083300000, 0x0000000083400000|  0%| F|  |TAMS 0x0000000083300000, 0x0000000083300000| Untracked 
|  52|0x0000000083400000, 0x0000000083400000, 0x0000000083500000|  0%| F|  |TAMS 0x0000000083400000, 0x0000000083400000| Untracked 
|  53|0x0000000083500000, 0x0000000083500000, 0x0000000083600000|  0%| F|  |TAMS 0x0000000083500000, 0x0000000083500000| Untracked 
|  54|0x0000000083600000, 0x0000000083600000, 0x0000000083700000|  0%| F|  |TAMS 0x0000000083600000, 0x0000000083600000| Untracked 
|  55|0x0000000083700000, 0x0000000083700000, 0x0000000083800000|  0%| F|  |TAMS 0x0000000083700000, 0x0000000083700000| Untracked 
|  56|0x0000000083800000, 0x0000000083800000, 0x0000000083900000|  0%| F|  |TAMS 0x0000000083800000, 0x0000000083800000| Untracked 
|  57|0x0000000083900000, 0x0000000083900000, 0x0000000083a00000|  0%| F|  |TAMS 0x0000000083900000, 0x0000000083900000| Untracked 
|  58|0x0000000083a00000, 0x0000000083a00000, 0x0000000083b00000|  0%| F|  |TAMS 0x0000000083a00000, 0x0000000083a00000| Untracked 
|  59|0x0000000083b00000, 0x0000000083b00000, 0x0000000083c00000|  0%| F|  |TAMS 0x0000000083b00000, 0x0000000083b00000| Untracked 
|  60|0x0000000083c00000, 0x0000000083c00000, 0x0000000083d00000|  0%| F|  |TAMS 0x0000000083c00000, 0x0000000083c00000| Untracked 
|  61|0x0000000083d00000, 0x0000000083d00000, 0x0000000083e00000|  0%| F|  |TAMS 0x0000000083d00000, 0x0000000083d00000| Untracked 
|  62|0x0000000083e00000, 0x0000000083e00000, 0x0000000083f00000|  0%| F|  |TAMS 0x0000000083e00000, 0x0000000083e00000| Untracked 
|  63|0x0000000083f00000, 0x0000000083f00000, 0x0000000084000000|  0%| F|  |TAMS 0x0000000083f00000, 0x0000000083f00000| Untracked 
|  64|0x0000000084000000, 0x0000000084000000, 0x0000000084100000|  0%| F|  |TAMS 0x0000000084000000, 0x0000000084000000| Untracked 
|  65|0x0000000084100000, 0x0000000084100000, 0x0000000084200000|  0%| F|  |TAMS 0x0000000084100000, 0x0000000084100000| Untracked 
|  66|0x0000000084200000, 0x0000000084200000, 0x0000000084300000|  0%| F|  |TAMS 0x0000000084200000, 0x0000000084200000| Untracked 
|  67|0x0000000084300000, 0x0000000084300000, 0x0000000084400000|  0%| F|  |TAMS 0x0000000084300000, 0x0000000084300000| Untracked 
|  68|0x0000000084400000, 0x0000000084400000, 0x0000000084500000|  0%| F|  |TAMS 0x0000000084400000, 0x0000000084400000| Untracked 
|  69|0x0000000084500000, 0x0000000084500000, 0x0000000084600000|  0%| F|  |TAMS 0x0000000084500000, 0x0000000084500000| Untracked 
|  70|0x0000000084600000, 0x0000000084600000, 0x0000000084700000|  0%| F|  |TAMS 0x0000000084600000, 0x0000000084600000| Untracked 
|  71|0x0000000084700000, 0x0000000084700000, 0x0000000084800000|  0%| F|  |TAMS 0x0000000084700000, 0x0000000084700000| Untracked 
|  72|0x0000000084800000, 0x0000000084800000, 0x0000000084900000|  0%| F|  |TAMS 0x0000000084800000, 0x0000000084800000| Untracked 
|  73|0x0000000084900000, 0x0000000084900000, 0x0000000084a00000|  0%| F|  |TAMS 0x0000000084900000, 0x0000000084900000| Untracked 
|  74|0x0000000084a00000, 0x0000000084a00000, 0x0000000084b00000|  0%| F|  |TAMS 0x0000000084a00000, 0x0000000084a00000| Untracked 
|  75|0x0000000084b00000, 0x0000000084b00000, 0x0000000084c00000|  0%| F|  |TAMS 0x0000000084b00000, 0x0000000084b00000| Untracked 
|  76|0x0000000084c00000, 0x0000000084c00000, 0x0000000084d00000|  0%| F|  |TAMS 0x0000000084c00000, 0x0000000084c00000| Untracked 
|  77|0x0000000084d00000, 0x0000000084d00000, 0x0000000084e00000|  0%| F|  |TAMS 0x0000000084d00000, 0x0000000084d00000| Untracked 
|  78|0x0000000084e00000, 0x0000000084e00000, 0x0000000084f00000|  0%| F|  |TAMS 0x0000000084e00000, 0x0000000084e00000| Untracked 
|  79|0x0000000084f00000, 0x0000000084f00000, 0x0000000085000000|  0%| F|  |TAMS 0x0000000084f00000, 0x0000000084f00000| Untracked 
|  80|0x0000000085000000, 0x0000000085000000, 0x0000000085100000|  0%| F|  |TAMS 0x0000000085000000, 0x0000000085000000| Untracked 
|  81|0x0000000085100000, 0x0000000085100000, 0x0000000085200000|  0%| F|  |TAMS 0x0000000085100000, 0x0000000085100000| Untracked 
|  82|0x0000000085200000, 0x0000000085200000, 0x0000000085300000|  0%| F|  |TAMS 0x0000000085200000, 0x0000000085200000| Untracked 
|  83|0x0000000085300000, 0x0000000085300000, 0x0000000085400000|  0%| F|  |TAMS 0x0000000085300000, 0x0000000085300000| Untracked 
|  84|0x0000000085400000, 0x0000000085400000, 0x0000000085500000|  0%| F|  |TAMS 0x0000000085400000, 0x0000000085400000| Untracked 
|  85|0x0000000085500000, 0x0000000085500000, 0x0000000085600000|  0%| F|  |TAMS 0x0000000085500000, 0x0000000085500000| Untracked 
|  86|0x0000000085600000, 0x0000000085600000, 0x0000000085700000|  0%| F|  |TAMS 0x0000000085600000, 0x0000000085600000| Untracked 
|  87|0x0000000085700000, 0x0000000085700000, 0x0000000085800000|  0%| F|  |TAMS 0x0000000085700000, 0x0000000085700000| Untracked 
|  88|0x0000000085800000, 0x0000000085800000, 0x0000000085900000|  0%| F|  |TAMS 0x0000000085800000, 0x0000000085800000| Untracked 
|  89|0x0000000085900000, 0x0000000085900000, 0x0000000085a00000|  0%| F|  |TAMS 0x0000000085900000, 0x0000000085900000| Untracked 
|  90|0x0000000085a00000, 0x0000000085a00000, 0x0000000085b00000|  0%| F|  |TAMS 0x0000000085a00000, 0x0000000085a00000| Untracked 
|  91|0x0000000085b00000, 0x0000000085b00000, 0x0000000085c00000|  0%| F|  |TAMS 0x0000000085b00000, 0x0000000085b00000| Untracked 
|  92|0x0000000085c00000, 0x0000000085c00000, 0x0000000085d00000|  0%| F|  |TAMS 0x0000000085c00000, 0x0000000085c00000| Untracked 
|  93|0x0000000085d00000, 0x0000000085d00000, 0x0000000085e00000|  0%| F|  |TAMS 0x0000000085d00000, 0x0000000085d00000| Untracked 
|  94|0x0000000085e00000, 0x0000000085e00000, 0x0000000085f00000|  0%| F|  |TAMS 0x0000000085e00000, 0x0000000085e00000| Untracked 
|  95|0x0000000085f00000, 0x0000000085f00000, 0x0000000086000000|  0%| F|  |TAMS 0x0000000085f00000, 0x0000000085f00000| Untracked 
|  96|0x0000000086000000, 0x0000000086000000, 0x0000000086100000|  0%| F|  |TAMS 0x0000000086000000, 0x0000000086000000| Untracked 
|  97|0x0000000086100000, 0x0000000086100000, 0x0000000086200000|  0%| F|  |TAMS 0x0000000086100000, 0x0000000086100000| Untracked 
|  98|0x0000000086200000, 0x0000000086200000, 0x0000000086300000|  0%| F|  |TAMS 0x0000000086200000, 0x0000000086200000| Untracked 
|  99|0x0000000086300000, 0x0000000086300000, 0x0000000086400000|  0%| F|  |TAMS 0x0000000086300000, 0x0000000086300000| Untracked 
| 100|0x0000000086400000, 0x0000000086400000, 0x0000000086500000|  0%| F|  |TAMS 0x0000000086400000, 0x0000000086400000| Untracked 
| 101|0x0000000086500000, 0x0000000086500000, 0x0000000086600000|  0%| F|  |TAMS 0x0000000086500000, 0x0000000086500000| Untracked 
| 102|0x0000000086600000, 0x0000000086600000, 0x0000000086700000|  0%| F|  |TAMS 0x0000000086600000, 0x0000000086600000| Untracked 
| 103|0x0000000086700000, 0x0000000086700000, 0x0000000086800000|  0%| F|  |TAMS 0x0000000086700000, 0x0000000086700000| Untracked 
| 104|0x0000000086800000, 0x0000000086800000, 0x0000000086900000|  0%| F|  |TAMS 0x0000000086800000, 0x0000000086800000| Untracked 
| 105|0x0000000086900000, 0x0000000086900000, 0x0000000086a00000|  0%| F|  |TAMS 0x0000000086900000, 0x0000000086900000| Untracked 
| 106|0x0000000086a00000, 0x0000000086a00000, 0x0000000086b00000|  0%| F|  |TAMS 0x0000000086a00000, 0x0000000086a00000| Untracked 
| 107|0x0000000086b00000, 0x0000000086b00000, 0x0000000086c00000|  0%| F|  |TAMS 0x0000000086b00000, 0x0000000086b00000| Untracked 
| 108|0x0000000086c00000, 0x0000000086c00000, 0x0000000086d00000|  0%| F|  |TAMS 0x0000000086c00000, 0x0000000086c00000| Untracked 
| 109|0x0000000086d00000, 0x0000000086d00000, 0x0000000086e00000|  0%| F|  |TAMS 0x0000000086d00000, 0x0000000086d00000| Untracked 
| 110|0x0000000086e00000, 0x0000000086e00000, 0x0000000086f00000|  0%| F|  |TAMS 0x0000000086e00000, 0x0000000086e00000| Untracked 
| 111|0x0000000086f00000, 0x0000000086f00000, 0x0000000087000000|  0%| F|  |TAMS 0x0000000086f00000, 0x0000000086f00000| Untracked 
| 112|0x0000000087000000, 0x0000000087000000, 0x0000000087100000|  0%| F|  |TAMS 0x0000000087000000, 0x0000000087000000| Untracked 
| 113|0x0000000087100000, 0x0000000087100000, 0x0000000087200000|  0%| F|  |TAMS 0x0000000087100000, 0x0000000087100000| Untracked 
| 114|0x0000000087200000, 0x0000000087200000, 0x0000000087300000|  0%| F|  |TAMS 0x0000000087200000, 0x0000000087200000| Untracked 
| 115|0x0000000087300000, 0x0000000087300000, 0x0000000087400000|  0%| F|  |TAMS 0x0000000087300000, 0x0000000087300000| Untracked 
| 116|0x0000000087400000, 0x0000000087400000, 0x0000000087500000|  0%| F|  |TAMS 0x0000000087400000, 0x0000000087400000| Untracked 
| 117|0x0000000087500000, 0x0000000087500000, 0x0000000087600000|  0%| F|  |TAMS 0x0000000087500000, 0x0000000087500000| Untracked 
| 118|0x0000000087600000, 0x0000000087600000, 0x0000000087700000|  0%| F|  |TAMS 0x0000000087600000, 0x0000000087600000| Untracked 
| 119|0x0000000087700000, 0x0000000087700000, 0x0000000087800000|  0%| F|  |TAMS 0x0000000087700000, 0x0000000087700000| Untracked 
| 120|0x0000000087800000, 0x0000000087800000, 0x0000000087900000|  0%| F|  |TAMS 0x0000000087800000, 0x0000000087800000| Untracked 
| 121|0x0000000087900000, 0x0000000087900000, 0x0000000087a00000|  0%| F|  |TAMS 0x0000000087900000, 0x0000000087900000| Untracked 
| 122|0x0000000087a00000, 0x0000000087a00000, 0x0000000087b00000|  0%| F|  |TAMS 0x0000000087a00000, 0x0000000087a00000| Untracked 
| 123|0x0000000087b00000, 0x0000000087b00000, 0x0000000087c00000|  0%| F|  |TAMS 0x0000000087b00000, 0x0000000087b00000| Untracked 
| 124|0x0000000087c00000, 0x0000000087c00000, 0x0000000087d00000|  0%| F|  |TAMS 0x0000000087c00000, 0x0000000087c00000| Untracked 
| 125|0x0000000087d00000, 0x0000000087d00000, 0x0000000087e00000|  0%| F|  |TAMS 0x0000000087d00000, 0x0000000087d00000| Untracked 
| 126|0x0000000087e00000, 0x0000000087e00000, 0x0000000087f00000|  0%| F|  |TAMS 0x0000000087e00000, 0x0000000087e00000| Untracked 
| 127|0x0000000087f00000, 0x0000000087f00000, 0x0000000088000000|  0%| F|  |TAMS 0x0000000087f00000, 0x0000000087f00000| Untracked 
| 128|0x0000000088000000, 0x0000000088000000, 0x0000000088100000|  0%| F|  |TAMS 0x0000000088000000, 0x0000000088000000| Untracked 
| 129|0x0000000088100000, 0x0000000088100000, 0x0000000088200000|  0%| F|  |TAMS 0x0000000088100000, 0x0000000088100000| Untracked 
| 130|0x0000000088200000, 0x0000000088200000, 0x0000000088300000|  0%| F|  |TAMS 0x0000000088200000, 0x0000000088200000| Untracked 
| 131|0x0000000088300000, 0x0000000088300000, 0x0000000088400000|  0%| F|  |TAMS 0x0000000088300000, 0x0000000088300000| Untracked 
| 132|0x0000000088400000, 0x0000000088400000, 0x0000000088500000|  0%| F|  |TAMS 0x0000000088400000, 0x0000000088400000| Untracked 
| 133|0x0000000088500000, 0x0000000088500000, 0x0000000088600000|  0%| F|  |TAMS 0x0000000088500000, 0x0000000088500000| Untracked 
| 134|0x0000000088600000, 0x0000000088600000, 0x0000000088700000|  0%| F|  |TAMS 0x0000000088600000, 0x0000000088600000| Untracked 
| 135|0x0000000088700000, 0x0000000088700000, 0x0000000088800000|  0%| F|  |TAMS 0x0000000088700000, 0x0000000088700000| Untracked 
| 136|0x0000000088800000, 0x0000000088800000, 0x0000000088900000|  0%| F|  |TAMS 0x0000000088800000, 0x0000000088800000| Untracked 
| 137|0x0000000088900000, 0x0000000088900000, 0x0000000088a00000|  0%| F|  |TAMS 0x0000000088900000, 0x0000000088900000| Untracked 
| 138|0x0000000088a00000, 0x0000000088a00000, 0x0000000088b00000|  0%| F|  |TAMS 0x0000000088a00000, 0x0000000088a00000| Untracked 
| 139|0x0000000088b00000, 0x0000000088b00000, 0x0000000088c00000|  0%| F|  |TAMS 0x0000000088b00000, 0x0000000088b00000| Untracked 
| 140|0x0000000088c00000, 0x0000000088c00000, 0x0000000088d00000|  0%| F|  |TAMS 0x0000000088c00000, 0x0000000088c00000| Untracked 
| 141|0x0000000088d00000, 0x0000000088d00000, 0x0000000088e00000|  0%| F|  |TAMS 0x0000000088d00000, 0x0000000088d00000| Untracked 
| 142|0x0000000088e00000, 0x0000000088e00000, 0x0000000088f00000|  0%| F|  |TAMS 0x0000000088e00000, 0x0000000088e00000| Untracked 
| 143|0x0000000088f00000, 0x0000000088f00000, 0x0000000089000000|  0%| F|  |TAMS 0x0000000088f00000, 0x0000000088f00000| Untracked 
| 144|0x0000000089000000, 0x0000000089000000, 0x0000000089100000|  0%| F|  |TAMS 0x0000000089000000, 0x0000000089000000| Untracked 
| 145|0x0000000089100000, 0x0000000089100000, 0x0000000089200000|  0%| F|  |TAMS 0x0000000089100000, 0x0000000089100000| Untracked 
| 146|0x0000000089200000, 0x0000000089200000, 0x0000000089300000|  0%| F|  |TAMS 0x0000000089200000, 0x0000000089200000| Untracked 
| 147|0x0000000089300000, 0x00000000893bc228, 0x0000000089400000| 73%| S|  |TAMS 0x0000000089300000, 0x0000000089300000| Complete 
| 148|0x0000000089400000, 0x0000000089500000, 0x0000000089500000|100%| S|  |TAMS 0x0000000089400000, 0x0000000089400000| Complete 
| 149|0x0000000089500000, 0x0000000089600000, 0x0000000089600000|100%| S|  |TAMS 0x0000000089500000, 0x0000000089500000| Complete 
| 150|0x0000000089600000, 0x0000000089700000, 0x0000000089700000|100%| S|  |TAMS 0x0000000089600000, 0x0000000089600000| Complete 
| 151|0x0000000089700000, 0x0000000089800000, 0x0000000089800000|100%| S|  |TAMS 0x0000000089700000, 0x0000000089700000| Complete 
| 152|0x0000000089800000, 0x0000000089900000, 0x0000000089900000|100%| S|  |TAMS 0x0000000089800000, 0x0000000089800000| Complete 
| 153|0x0000000089900000, 0x0000000089a00000, 0x0000000089a00000|100%| S|  |TAMS 0x0000000089900000, 0x0000000089900000| Complete 
| 154|0x0000000089a00000, 0x0000000089b00000, 0x0000000089b00000|100%| S|  |TAMS 0x0000000089a00000, 0x0000000089a00000| Complete 
| 155|0x0000000089b00000, 0x0000000089c00000, 0x0000000089c00000|100%| S|  |TAMS 0x0000000089b00000, 0x0000000089b00000| Complete 
| 156|0x0000000089c00000, 0x0000000089c80800, 0x0000000089d00000| 50%| E|CS|TAMS 0x0000000089c00000, 0x0000000089c80800| Complete 
| 157|0x0000000089d00000, 0x0000000089e00000, 0x0000000089e00000|100%| E|CS|TAMS 0x0000000089d00000, 0x0000000089e00000| Complete 
| 158|0x0000000089e00000, 0x0000000089f00000, 0x0000000089f00000|100%| E|CS|TAMS 0x0000000089e00000, 0x0000000089f00000| Complete 
| 159|0x0000000089f00000, 0x000000008a000000, 0x000000008a000000|100%| E|CS|TAMS 0x0000000089f00000, 0x000000008a000000| Complete 
| 160|0x000000008a000000, 0x000000008a100000, 0x000000008a100000|100%| E|CS|TAMS 0x000000008a000000, 0x000000008a100000| Complete 
| 161|0x000000008a100000, 0x000000008a200000, 0x000000008a200000|100%| E|CS|TAMS 0x000000008a100000, 0x000000008a200000| Complete 
| 162|0x000000008a200000, 0x000000008a300000, 0x000000008a300000|100%| E|CS|TAMS 0x000000008a200000, 0x000000008a300000| Complete 
| 163|0x000000008a300000, 0x000000008a400000, 0x000000008a400000|100%| E|CS|TAMS 0x000000008a300000, 0x000000008a400000| Complete 
| 164|0x000000008a400000, 0x000000008a500000, 0x000000008a500000|100%| E|CS|TAMS 0x000000008a400000, 0x000000008a500000| Complete 
| 165|0x000000008a500000, 0x000000008a600000, 0x000000008a600000|100%| E|CS|TAMS 0x000000008a500000, 0x000000008a600000| Complete 
| 166|0x000000008a600000, 0x000000008a700000, 0x000000008a700000|100%| E|CS|TAMS 0x000000008a600000, 0x000000008a700000| Complete 
| 167|0x000000008a700000, 0x000000008a800000, 0x000000008a800000|100%| E|CS|TAMS 0x000000008a700000, 0x000000008a800000| Complete 
| 168|0x000000008a800000, 0x000000008a900000, 0x000000008a900000|100%| E|CS|TAMS 0x000000008a800000, 0x000000008a900000| Complete 
| 169|0x000000008a900000, 0x000000008aa00000, 0x000000008aa00000|100%| E|CS|TAMS 0x000000008a900000, 0x000000008aa00000| Complete 
| 170|0x000000008aa00000, 0x000000008ab00000, 0x000000008ab00000|100%| E|CS|TAMS 0x000000008aa00000, 0x000000008ab00000| Complete 
| 171|0x000000008ab00000, 0x000000008ac00000, 0x000000008ac00000|100%| E|CS|TAMS 0x000000008ab00000, 0x000000008ac00000| Complete 
| 172|0x000000008ac00000, 0x000000008ad00000, 0x000000008ad00000|100%| E|CS|TAMS 0x000000008ac00000, 0x000000008ad00000| Complete 
| 173|0x000000008ad00000, 0x000000008ae00000, 0x000000008ae00000|100%| E|CS|TAMS 0x000000008ad00000, 0x000000008ae00000| Complete 
| 174|0x000000008ae00000, 0x000000008af00000, 0x000000008af00000|100%| E|CS|TAMS 0x000000008ae00000, 0x000000008af00000| Complete 
| 175|0x000000008af00000, 0x000000008b000000, 0x000000008b000000|100%| E|CS|TAMS 0x000000008af00000, 0x000000008b000000| Complete 
| 176|0x000000008b000000, 0x000000008b100000, 0x000000008b100000|100%| E|CS|TAMS 0x000000008b000000, 0x000000008b100000| Complete 
| 177|0x000000008b100000, 0x000000008b200000, 0x000000008b200000|100%| E|CS|TAMS 0x000000008b100000, 0x000000008b200000| Complete 
| 178|0x000000008b200000, 0x000000008b300000, 0x000000008b300000|100%| E|CS|TAMS 0x000000008b200000, 0x000000008b300000| Complete 
| 179|0x000000008b300000, 0x000000008b400000, 0x000000008b400000|100%| E|CS|TAMS 0x000000008b300000, 0x000000008b400000| Complete 
| 180|0x000000008b400000, 0x000000008b500000, 0x000000008b500000|100%| E|CS|TAMS 0x000000008b400000, 0x000000008b500000| Complete 
| 181|0x000000008b500000, 0x000000008b600000, 0x000000008b600000|100%| E|CS|TAMS 0x000000008b500000, 0x000000008b600000| Complete 
| 182|0x000000008b600000, 0x000000008b700000, 0x000000008b700000|100%| E|CS|TAMS 0x000000008b600000, 0x000000008b700000| Complete 
| 183|0x000000008b700000, 0x000000008b800000, 0x000000008b800000|100%| E|CS|TAMS 0x000000008b700000, 0x000000008b800000| Complete 
| 184|0x000000008b800000, 0x000000008b900000, 0x000000008b900000|100%| E|CS|TAMS 0x000000008b800000, 0x000000008b900000| Complete 
| 185|0x000000008b900000, 0x000000008ba00000, 0x000000008ba00000|100%| E|CS|TAMS 0x000000008b900000, 0x000000008ba00000| Complete 
| 186|0x000000008ba00000, 0x000000008bb00000, 0x000000008bb00000|100%| E|CS|TAMS 0x000000008ba00000, 0x000000008bb00000| Complete 
| 187|0x000000008bb00000, 0x000000008bc00000, 0x000000008bc00000|100%| E|CS|TAMS 0x000000008bb00000, 0x000000008bc00000| Complete 
| 188|0x000000008bc00000, 0x000000008bd00000, 0x000000008bd00000|100%| E|CS|TAMS 0x000000008bc00000, 0x000000008bd00000| Complete 
| 189|0x000000008bd00000, 0x000000008be00000, 0x000000008be00000|100%| E|CS|TAMS 0x000000008bd00000, 0x000000008be00000| Complete 
| 190|0x000000008be00000, 0x000000008bf00000, 0x000000008bf00000|100%| E|CS|TAMS 0x000000008be00000, 0x000000008bf00000| Complete 
| 191|0x000000008bf00000, 0x000000008c000000, 0x000000008c000000|100%| E|CS|TAMS 0x000000008bf00000, 0x000000008c000000| Complete 
| 192|0x000000008c000000, 0x000000008c100000, 0x000000008c100000|100%| E|CS|TAMS 0x000000008c000000, 0x000000008c100000| Complete 
| 193|0x000000008c100000, 0x000000008c200000, 0x000000008c200000|100%| E|CS|TAMS 0x000000008c100000, 0x000000008c200000| Complete 
| 194|0x000000008c200000, 0x000000008c300000, 0x000000008c300000|100%| E|CS|TAMS 0x000000008c200000, 0x000000008c300000| Complete 
| 195|0x000000008c300000, 0x000000008c400000, 0x000000008c400000|100%| E|CS|TAMS 0x000000008c300000, 0x000000008c400000| Complete 
| 196|0x000000008c400000, 0x000000008c500000, 0x000000008c500000|100%| E|CS|TAMS 0x000000008c400000, 0x000000008c500000| Complete 
| 197|0x000000008c500000, 0x000000008c600000, 0x000000008c600000|100%| E|CS|TAMS 0x000000008c500000, 0x000000008c600000| Complete 
| 198|0x000000008c600000, 0x000000008c700000, 0x000000008c700000|100%| E|CS|TAMS 0x000000008c600000, 0x000000008c700000| Complete 
| 199|0x000000008c700000, 0x000000008c800000, 0x000000008c800000|100%| E|CS|TAMS 0x000000008c700000, 0x000000008c800000| Complete 
| 200|0x000000008c800000, 0x000000008c900000, 0x000000008c900000|100%| E|CS|TAMS 0x000000008c800000, 0x000000008c900000| Complete 
| 201|0x000000008c900000, 0x000000008ca00000, 0x000000008ca00000|100%| E|CS|TAMS 0x000000008c900000, 0x000000008ca00000| Complete 
| 202|0x000000008ca00000, 0x000000008cb00000, 0x000000008cb00000|100%| E|CS|TAMS 0x000000008ca00000, 0x000000008cb00000| Complete 
| 203|0x000000008cb00000, 0x000000008cc00000, 0x000000008cc00000|100%| E|CS|TAMS 0x000000008cb00000, 0x000000008cc00000| Complete 
| 204|0x000000008cc00000, 0x000000008cd00000, 0x000000008cd00000|100%| E|CS|TAMS 0x000000008cc00000, 0x000000008cd00000| Complete 
| 205|0x000000008cd00000, 0x000000008ce00000, 0x000000008ce00000|100%| E|CS|TAMS 0x000000008cd00000, 0x000000008ce00000| Complete 
| 206|0x000000008ce00000, 0x000000008cf00000, 0x000000008cf00000|100%| E|CS|TAMS 0x000000008ce00000, 0x000000008cf00000| Complete 
| 207|0x000000008cf00000, 0x000000008d000000, 0x000000008d000000|100%| E|CS|TAMS 0x000000008cf00000, 0x000000008d000000| Complete 
| 208|0x000000008d000000, 0x000000008d100000, 0x000000008d100000|100%| E|CS|TAMS 0x000000008d000000, 0x000000008d100000| Complete 
| 209|0x000000008d100000, 0x000000008d200000, 0x000000008d200000|100%| E|CS|TAMS 0x000000008d100000, 0x000000008d200000| Complete 
| 210|0x000000008d200000, 0x000000008d300000, 0x000000008d300000|100%| E|CS|TAMS 0x000000008d200000, 0x000000008d300000| Complete 
| 211|0x000000008d300000, 0x000000008d400000, 0x000000008d400000|100%| E|CS|TAMS 0x000000008d300000, 0x000000008d400000| Complete 
| 212|0x000000008d400000, 0x000000008d500000, 0x000000008d500000|100%| E|CS|TAMS 0x000000008d400000, 0x000000008d500000| Complete 
| 213|0x000000008d500000, 0x000000008d600000, 0x000000008d600000|100%| E|CS|TAMS 0x000000008d500000, 0x000000008d600000| Complete 
| 214|0x000000008d600000, 0x000000008d700000, 0x000000008d700000|100%| E|CS|TAMS 0x000000008d600000, 0x000000008d700000| Complete 
| 215|0x000000008d700000, 0x000000008d800000, 0x000000008d800000|100%| E|CS|TAMS 0x000000008d700000, 0x000000008d800000| Complete 
| 216|0x000000008d800000, 0x000000008d900000, 0x000000008d900000|100%| E|CS|TAMS 0x000000008d800000, 0x000000008d900000| Complete 
| 217|0x000000008d900000, 0x000000008da00000, 0x000000008da00000|100%| E|CS|TAMS 0x000000008d900000, 0x000000008da00000| Complete 
| 218|0x000000008da00000, 0x000000008db00000, 0x000000008db00000|100%| E|CS|TAMS 0x000000008da00000, 0x000000008db00000| Complete 
| 219|0x000000008db00000, 0x000000008dc00000, 0x000000008dc00000|100%| E|CS|TAMS 0x000000008db00000, 0x000000008dc00000| Complete 
| 220|0x000000008dc00000, 0x000000008dd00000, 0x000000008dd00000|100%| E|CS|TAMS 0x000000008dc00000, 0x000000008dd00000| Complete 
| 221|0x000000008dd00000, 0x000000008de00000, 0x000000008de00000|100%| E|CS|TAMS 0x000000008dd00000, 0x000000008de00000| Complete 
| 222|0x000000008de00000, 0x000000008df00000, 0x000000008df00000|100%| E|CS|TAMS 0x000000008de00000, 0x000000008df00000| Complete 
| 223|0x000000008df00000, 0x000000008e000000, 0x000000008e000000|100%| E|CS|TAMS 0x000000008df00000, 0x000000008e000000| Complete 
| 224|0x000000008e000000, 0x000000008e100000, 0x000000008e100000|100%| E|CS|TAMS 0x000000008e000000, 0x000000008e100000| Complete 
| 225|0x000000008e100000, 0x000000008e200000, 0x000000008e200000|100%| E|CS|TAMS 0x000000008e100000, 0x000000008e200000| Complete 
| 226|0x000000008e200000, 0x000000008e300000, 0x000000008e300000|100%| E|CS|TAMS 0x000000008e200000, 0x000000008e300000| Complete 
| 227|0x000000008e300000, 0x000000008e400000, 0x000000008e400000|100%| E|CS|TAMS 0x000000008e300000, 0x000000008e400000| Complete 
| 228|0x000000008e400000, 0x000000008e500000, 0x000000008e500000|100%| E|CS|TAMS 0x000000008e400000, 0x000000008e500000| Complete 
| 229|0x000000008e500000, 0x000000008e600000, 0x000000008e600000|100%| E|CS|TAMS 0x000000008e500000, 0x000000008e600000| Complete 
| 230|0x000000008e600000, 0x000000008e700000, 0x000000008e700000|100%| E|CS|TAMS 0x000000008e600000, 0x000000008e700000| Complete 
| 231|0x000000008e700000, 0x000000008e800000, 0x000000008e800000|100%| E|CS|TAMS 0x000000008e700000, 0x000000008e800000| Complete 
| 232|0x000000008e800000, 0x000000008e900000, 0x000000008e900000|100%| E|CS|TAMS 0x000000008e800000, 0x000000008e900000| Complete 
| 233|0x000000008e900000, 0x000000008ea00000, 0x000000008ea00000|100%| E|CS|TAMS 0x000000008e900000, 0x000000008ea00000| Complete 
| 234|0x000000008ea00000, 0x000000008eb00000, 0x000000008eb00000|100%| E|CS|TAMS 0x000000008ea00000, 0x000000008eb00000| Complete 
| 235|0x000000008eb00000, 0x000000008ec00000, 0x000000008ec00000|100%| E|CS|TAMS 0x000000008eb00000, 0x000000008ec00000| Complete 
| 236|0x000000008ec00000, 0x000000008ed00000, 0x000000008ed00000|100%| E|CS|TAMS 0x000000008ec00000, 0x000000008ed00000| Complete 
| 237|0x000000008ed00000, 0x000000008ee00000, 0x000000008ee00000|100%| E|CS|TAMS 0x000000008ed00000, 0x000000008ee00000| Complete 
| 238|0x000000008ee00000, 0x000000008ef00000, 0x000000008ef00000|100%| E|CS|TAMS 0x000000008ee00000, 0x000000008ef00000| Complete 
| 239|0x000000008ef00000, 0x000000008f000000, 0x000000008f000000|100%| E|CS|TAMS 0x000000008ef00000, 0x000000008f000000| Complete 
| 240|0x000000008f000000, 0x000000008f100000, 0x000000008f100000|100%| E|CS|TAMS 0x000000008f000000, 0x000000008f100000| Complete 
| 241|0x000000008f100000, 0x000000008f200000, 0x000000008f200000|100%| E|CS|TAMS 0x000000008f100000, 0x000000008f200000| Complete 
| 242|0x000000008f200000, 0x000000008f300000, 0x000000008f300000|100%| E|CS|TAMS 0x000000008f200000, 0x000000008f300000| Complete 
| 243|0x000000008f300000, 0x000000008f400000, 0x000000008f400000|100%| E|CS|TAMS 0x000000008f300000, 0x000000008f400000| Complete 
| 244|0x000000008f400000, 0x000000008f500000, 0x000000008f500000|100%| E|CS|TAMS 0x000000008f400000, 0x000000008f500000| Complete 
| 245|0x000000008f500000, 0x000000008f600000, 0x000000008f600000|100%| E|CS|TAMS 0x000000008f500000, 0x000000008f600000| Complete 
| 246|0x000000008f600000, 0x000000008f700000, 0x000000008f700000|100%| E|CS|TAMS 0x000000008f600000, 0x000000008f700000| Complete 
| 247|0x000000008f700000, 0x000000008f800000, 0x000000008f800000|100%| E|CS|TAMS 0x000000008f700000, 0x000000008f800000| Complete 
| 248|0x000000008f800000, 0x000000008f900000, 0x000000008f900000|100%| E|CS|TAMS 0x000000008f800000, 0x000000008f900000| Complete 
| 249|0x000000008f900000, 0x000000008fa00000, 0x000000008fa00000|100%| E|CS|TAMS 0x000000008f900000, 0x000000008fa00000| Complete 
| 250|0x000000008fa00000, 0x000000008fb00000, 0x000000008fb00000|100%| E|CS|TAMS 0x000000008fa00000, 0x000000008fb00000| Complete 
| 251|0x000000008fb00000, 0x000000008fc00000, 0x000000008fc00000|100%| E|CS|TAMS 0x000000008fb00000, 0x000000008fc00000| Complete 
| 252|0x000000008fc00000, 0x000000008fd00000, 0x000000008fd00000|100%| E|CS|TAMS 0x000000008fc00000, 0x000000008fd00000| Complete 
| 253|0x000000008fd00000, 0x000000008fe00000, 0x000000008fe00000|100%| E|CS|TAMS 0x000000008fd00000, 0x000000008fe00000| Complete 

Card table byte_map: [0x0000020434480000,0x0000020434880000] _byte_map_base: 0x0000020434080000

Marking Bits (Prev, Next): (CMBitMap*) 0x0000020420b5f0d8, (CMBitMap*) 0x0000020420b5f110
 Prev Bits: [0x0000020434c80000, 0x0000020436c80000)
 Next Bits: [0x0000020436c80000, 0x0000020438c80000)

Polling page: 0x000002041f2f0000

Metaspace:

Usage:
  Non-class:     17.97 MB capacity,    17.60 MB ( 98%) used,   340.38 KB (  2%) free+waste,    37.44 KB ( <1%) overhead. 
      Class:      2.63 MB capacity,     2.45 MB ( 93%) used,   165.37 KB (  6%) free+waste,    18.81 KB ( <1%) overhead. 
       Both:     20.59 MB capacity,    20.04 MB ( 97%) used,   505.74 KB (  2%) free+waste,    56.25 KB ( <1%) overhead. 

Virtual space:
  Non-class space:       18.00 MB reserved,      18.00 MB (100%) committed 
      Class space:        1.00 GB reserved,       2.75 MB ( <1%) committed 
             Both:        1.02 GB reserved,      20.75 MB (  2%) committed 

Chunk freelists:
   Non-Class:  34.00 KB
       Class:  30.00 KB
        Both:  64.00 KB

MaxMetaspaceSize: 17179869184.00 GB
CompressedClassSpaceSize: 1.00 GB

CodeHeap 'non-profiled nmethods': size=120000Kb used=920Kb max_used=920Kb free=119079Kb
 bounds [0x000002042c0e0000, 0x000002042c350000, 0x0000020433610000]
CodeHeap 'profiled nmethods': size=120000Kb used=3861Kb max_used=3861Kb free=116138Kb
 bounds [0x0000020424bb0000, 0x0000020424f80000, 0x000002042c0e0000]
CodeHeap 'non-nmethods': size=5760Kb used=1133Kb max_used=1162Kb free=4626Kb
 bounds [0x0000020424610000, 0x0000020424880000, 0x0000020424bb0000]
 total_blobs=2343 nmethods=1871 adapters=384
 compilation: enabled
              stopped_count=0, restarted_count=0
 full_count=0

Compilation events (20 events):
Event: 1.721 Thread 0x000002043c020800 1861       3       sun.nio.fs.WindowsPath::elementAsString (62 bytes)
Event: 1.721 Thread 0x000002043c020800 nmethod 1861 0x0000020424f6ef10 code [0x0000020424f6f100, 0x0000020424f6f408]
Event: 1.721 Thread 0x000002043c01f000 nmethod 1860 0x000002042c1c5090 code [0x000002042c1c5220, 0x000002042c1c5298]
Event: 1.723 Thread 0x000002043c020800 1862       3       java.lang.Package::<init> (47 bytes)
Event: 1.723 Thread 0x000002043c01f000 1863       4       java.io.RandomAccessFile::readFully (45 bytes)
Event: 1.723 Thread 0x000002043c020800 nmethod 1862 0x0000020424f6f690 code [0x0000020424f6f880, 0x0000020424f6fcc8]
Event: 1.723 Thread 0x000002043c01f000 nmethod 1863 0x000002042c1c5310 code [0x000002042c1c54c0, 0x000002042c1c5588]
Event: 1.725 Thread 0x000002043c020800 1864       3       java.lang.invoke.InnerClassLambdaMetafactory::getLoadOpcode (25 bytes)
Event: 1.726 Thread 0x000002043c020800 nmethod 1864 0x0000020424f6ff10 code [0x0000020424f700e0, 0x0000020424f702f8]
Event: 1.726 Thread 0x000002043c020800 1866       3       java.net.URLClassLoader::definePackage (272 bytes)
Event: 1.727 Thread 0x000002043c020800 nmethod 1866 0x0000020424f70410 code [0x0000020424f70900, 0x0000020424f73678]
Event: 1.727 Thread 0x000002043c020800 1865       3       java.lang.invoke.InnerClassLambdaMetafactory::getParameterSize (27 bytes)
Event: 1.727 Thread 0x000002043c020800 nmethod 1865 0x0000020424f74890 code [0x0000020424f74a40, 0x0000020424f74c18]
Event: 1.729 Thread 0x000002043c01f000 1868       4       jdk.internal.org.objectweb.asm.ByteVector::putByte (39 bytes)
Event: 1.730 Thread 0x000002043c020800 1871       3       sun.invoke.util.VerifyAccess::isTypeVisible (47 bytes)
Event: 1.730 Thread 0x000002043c020800 nmethod 1871 0x0000020424f74c90 code [0x0000020424f74e80, 0x0000020424f75258]
Event: 1.730 Thread 0x000002043c01f000 nmethod 1868 0x000002042c1c5a90 code [0x000002042c1c5c40, 0x000002042c1c5d68]
Event: 1.730 Thread 0x000002043c01f000 1872       4       jdk.internal.org.objectweb.asm.Item::<init> (66 bytes)
Event: 1.732 Thread 0x000002043c01f000 nmethod 1872 0x000002042c1c5e90 code [0x000002042c1c6020, 0x000002042c1c62f8]
Event: 1.732 Thread 0x000002043c01f000 1869   !   4       java.util.zip.ZipFile$ZipFileInputStream::close (59 bytes)

GC Heap History (3 events):
Event: 0.492 GC heap before
{Heap before GC invocations=0 (full 0):
 garbage-first heap   total 260096K, used 29696K [0x0000000080000000, 0x0000000100000000)
  region size 1024K, 24 young (24576K), 0 survivors (0K)
 Metaspace       used 10188K, capacity 10421K, committed 10624K, reserved 1058816K
  class space    used 1064K, capacity 1139K, committed 1152K, reserved 1048576K
}
Event: 0.495 GC heap after
{Heap after GC invocations=1 (full 0):
 garbage-first heap   total 260096K, used 9185K [0x0000000080000000, 0x0000000100000000)
  region size 1024K, 3 young (3072K), 3 survivors (3072K)
 Metaspace       used 10188K, capacity 10421K, committed 10624K, reserved 1058816K
  class space    used 1064K, capacity 1139K, committed 1152K, reserved 1048576K
}
Event: 1.737 GC heap before
{Heap before GC invocations=1 (full 0):
 garbage-first heap   total 260096K, used 106465K [0x0000000080000000, 0x0000000100000000)
  region size 1024K, 98 young (100352K), 3 survivors (3072K)
 Metaspace       used 20526K, capacity 21088K, committed 21248K, reserved 1067008K
  class space    used 2505K, capacity 2690K, committed 2816K, reserved 1048576K
}

Deoptimization events (20 events):
Event: 1.715 Thread 0x000002043e1af000 Uncommon trap: trap_request=0xffffff4d fr.pc=0x000002042c0fa250 relative=0x0000000000000a10
Event: 1.715 Thread 0x000002043e1af000 Uncommon trap: reason=unstable_if action=reinterpret pc=0x000002042c0fa250 method=java.io.WinNTFileSystem.resolve(Ljava/lang/String;Ljava/lang/String;)Ljava/lang/String; @ 19 c2
Event: 1.715 Thread 0x000002043e1af000 DEOPT PACKING pc=0x000002042c0fa250 sp=0x00000018131fb4e0
Event: 1.715 Thread 0x000002043e1af000 DEOPT UNPACKING pc=0x00000204246378af sp=0x00000018131fb478 mode 2
Event: 1.716 Thread 0x000002043e1af000 Uncommon trap: trap_request=0xffffffc6 fr.pc=0x000002042c155724 relative=0x0000000000000084
Event: 1.716 Thread 0x000002043e1af000 Uncommon trap: reason=bimorphic_or_optimized_type_check action=maybe_recompile pc=0x000002042c155724 method=java.util.AbstractList$Itr.hasNext()Z @ 8 c2
Event: 1.716 Thread 0x000002043e1af000 DEOPT PACKING pc=0x000002042c155724 sp=0x00000018131faab0
Event: 1.716 Thread 0x000002043e1af000 DEOPT UNPACKING pc=0x00000204246378af sp=0x00000018131faa48 mode 2
Event: 1.716 Thread 0x000002043e1af000 Uncommon trap: trap_request=0xffffffc6 fr.pc=0x000002042c155ad4 relative=0x0000000000000114
Event: 1.716 Thread 0x000002043e1af000 Uncommon trap: reason=bimorphic_or_optimized_type_check action=maybe_recompile pc=0x000002042c155ad4 method=java.util.AbstractList$Itr.next()Ljava/lang/Object; @ 14 c2
Event: 1.716 Thread 0x000002043e1af000 DEOPT PACKING pc=0x000002042c155ad4 sp=0x00000018131faaa0
Event: 1.716 Thread 0x000002043e1af000 DEOPT UNPACKING pc=0x00000204246378af sp=0x00000018131faa38 mode 2
Event: 1.716 Thread 0x000002043e1af000 Uncommon trap: trap_request=0xffffff4d fr.pc=0x000002042c150478 relative=0x00000000000005b8
Event: 1.716 Thread 0x000002043e1af000 Uncommon trap: reason=unstable_if action=reinterpret pc=0x000002042c150478 method=java.io.File.getName()Ljava/lang/String; @ 16 c2
Event: 1.716 Thread 0x000002043e1af000 DEOPT PACKING pc=0x000002042c150478 sp=0x00000018131fb470
Event: 1.716 Thread 0x000002043e1af000 DEOPT UNPACKING pc=0x00000204246378af sp=0x00000018131fb440 mode 2
Event: 1.716 Thread 0x000002043e1af000 Uncommon trap: trap_request=0xffffff4d fr.pc=0x000002042c148f90 relative=0x0000000000000450
Event: 1.716 Thread 0x000002043e1af000 Uncommon trap: reason=unstable_if action=reinterpret pc=0x000002042c148f90 method=java.lang.String.substring(I)Ljava/lang/String; @ 34 c2
Event: 1.716 Thread 0x000002043e1af000 DEOPT PACKING pc=0x000002042c148f90 sp=0x00000018131fb3f0
Event: 1.716 Thread 0x000002043e1af000 DEOPT UNPACKING pc=0x00000204246378af sp=0x00000018131fb3c8 mode 2

Classes redefined (0 events):
No events

Internal exceptions (20 events):
Event: 1.068 Thread 0x0000020420b1c000 Exception <a 'java/lang/NoSuchMethodError'{0x000000008c125ed8}: 'java.lang.Object java.lang.invoke.DirectMethodHandle$Holder.invokeStaticInit(java.lang.Object, int, int, int, int)'> (0x000000008c125ed8) thrown at [./src/hotspot/share/interpreter/linkResolver.cpp, line 773]
Event: 1.207 Thread 0x0000020420b1c000 Exception <a 'java/lang/NoSuchMethodError'{0x000000008c1595e8}: 'java.lang.Object java.lang.invoke.DirectMethodHandle$Holder.invokeStaticInit(java.lang.Object, java.lang.Object, int, int, int, int)'> (0x000000008c1595e8) thrown at [./src/hotspot/share/interpreter/linkResolver.cpp, line 773]
Event: 1.439 Thread 0x0000020420b1c000 Exception <a 'java/io/IOException'{0x000000008bf0ca28}> (0x000000008bf0ca28) thrown at [./src/hotspot/share/prims/jni.cpp, line 615]
Event: 1.485 Thread 0x000002043dbe6000 Exception <a 'java/lang/NoSuchMethodError'{0x000000008bda0968}: <clinit>> (0x000000008bda0968) thrown at [./src/hotspot/share/prims/jni.cpp, line 1362]
Event: 1.485 Thread 0x000002043dbe6000 Exception <a 'java/lang/NoSuchMethodError'{0x000000008bda9200}: <clinit>> (0x000000008bda9200) thrown at [./src/hotspot/share/prims/jni.cpp, line 1362]
Event: 1.488 Thread 0x000002043dbe6000 Exception <a 'java/lang/NoSuchMethodError'{0x000000008bdbede0}: <clinit>> (0x000000008bdbede0) thrown at [./src/hotspot/share/prims/jni.cpp, line 1362]
Event: 1.495 Thread 0x000002043dbe6000 Exception <a 'java/lang/NoSuchMethodError'{0x000000008bc18318}: <clinit>> (0x000000008bc18318) thrown at [./src/hotspot/share/prims/jni.cpp, line 1362]
Event: 1.499 Thread 0x000002043dbe6000 Exception <a 'java/lang/NoSuchMethodError'{0x000000008bc54060}: <clinit>> (0x000000008bc54060) thrown at [./src/hotspot/share/prims/jni.cpp, line 1362]
Event: 1.501 Thread 0x000002043dbe6000 Exception <a 'java/lang/NoSuchMethodError'{0x000000008bc87000}: <clinit>> (0x000000008bc87000) thrown at [./src/hotspot/share/prims/jni.cpp, line 1362]
Event: 1.539 Thread 0x000002043e1af000 Exception <a 'java/lang/NoSuchMethodError'{0x000000008b996998}: 'void java.lang.invoke.DirectMethodHandle$Holder.invokeVirtual(java.lang.Object, java.lang.Object, java.lang.Object, java.lang.Object)'> (0x000000008b996998) thrown at [./src/hotspot/share/interpreter/linkResolver.cpp, line 773]
Event: 1.540 Thread 0x000002043e1af000 Exception <a 'java/lang/NoSuchMethodError'{0x000000008b9a3400}: 'void java.lang.invoke.DelegatingMethodHandle$Holder.reinvoke_L(java.lang.Object, java.lang.Object, java.lang.Object, java.lang.Object)'> (0x000000008b9a3400) thrown at [./src/hotspot/share/interpreter/linkResolver.cpp, line 773]
Event: 1.543 Thread 0x000002043e1af000 Exception <a 'java/lang/NoSuchMethodError'{0x000000008b9d3ec8}: 'long java.lang.invoke.DirectMethodHandle$Holder.invokeInterface(java.lang.Object, java.lang.Object)'> (0x000000008b9d3ec8) thrown at [./src/hotspot/share/interpreter/linkResolver.cpp, line 773]
Event: 1.544 Thread 0x000002043e1af000 Exception <a 'java/lang/NoSuchMethodError'{0x000000008b9f6ce0}: 'void java.lang.invoke.DelegatingMethodHandle$Holder.reinvoke_L(java.lang.Object, java.lang.Object, java.lang.Object, java.lang.Object, java.lang.Object, java.lang.Object, java.lang.Object)'> (0x000000008b9f6ce0) thrown at [./src/hotspot/share/interpreter/linkResolver.cpp, line 773]
Event: 1.638 Thread 0x000002043e1af000 Exception <a 'java/lang/NoSuchMethodError'{0x000000008a81e530}: 'java.lang.Object java.lang.invoke.DirectMethodHandle$Holder.invokeVirtual(java.lang.Object, java.lang.Object, java.lang.Object)'> (0x000000008a81e530) thrown at [./src/hotspot/share/interpreter/linkResolver.cpp, line 773]
Event: 1.654 Thread 0x000002043e1af000 Exception <a 'java/lang/NoSuchMethodError'{0x000000008a5c9680}: 'void java.lang.invoke.DirectMethodHandle$Holder.invokeInterface(java.lang.Object, java.lang.Object)'> (0x000000008a5c9680) thrown at [./src/hotspot/share/interpreter/linkResolver.cpp, line 773]
Event: 1.654 Thread 0x000002043e1af000 Exception <a 'java/lang/IncompatibleClassChangeError'{0x000000008a5cc830}: Found class java.lang.Object, but interface was expected> (0x000000008a5cc830) thrown at [./src/hotspot/share/interpreter/linkResolver.cpp, line 839]
Event: 1.663 Thread 0x000002043e1af000 Exception <a 'java/lang/NoSuchMethodError'{0x000000008a343108}: 'void java.lang.invoke.DirectMethodHandle$Holder.invokeStaticInit(java.lang.Object)'> (0x000000008a343108) thrown at [./src/hotspot/share/interpreter/linkResolver.cpp, line 773]
Event: 1.692 Thread 0x000002043e1af000 Exception <a 'java/lang/NoSuchMethodError'{0x000000008a1bb560}: 'java.lang.Object java.lang.invoke.DirectMethodHandle$Holder.invokeStatic(java.lang.Object, java.lang.Object, java.lang.Object, int)'> (0x000000008a1bb560) thrown at [./src/hotspot/share/interpreter/linkResolver.cpp, line 773]
Event: 1.693 Thread 0x000002043e1af000 Exception <a 'java/lang/NoSuchMethodError'{0x000000008a1bf728}: 'java.lang.Object java.lang.invoke.DirectMethodHandle$Holder.invokeSpecial(java.lang.Object, java.lang.Object, java.lang.Object, java.lang.Object, int)'> (0x000000008a1bf728) thrown at [./src/hotspot/share/interpreter/linkResolver.cpp, line 773]
Event: 1.693 Thread 0x000002043e1af000 Exception <a 'java/lang/NoSuchMethodError'{0x000000008a1c3110}: 'java.lang.Object java.lang.invoke.Invokers$Holder.linkToTargetMethod(java.lang.Object, java.lang.Object, int, java.lang.Object)'> (0x000000008a1c3110) thrown at [./src/hotspot/share/interpreter/linkResolver.cpp, line 773]

Events (20 events):
Event: 1.734 loading class org/apache/tools/ant/util/VectorSet
Event: 1.734 loading class org/apache/tools/ant/util/VectorSet done
Event: 1.734 Executing VM operation: Deoptimize
Event: 1.734 Executing VM operation: Deoptimize done
Event: 1.734 loading class org/apache/tools/ant/taskdefs/condition/Os
Event: 1.734 loading class org/apache/tools/ant/taskdefs/condition/Os done
Event: 1.735 loading class org/apache/tools/ant/taskdefs/condition/Condition
Event: 1.735 loading class org/apache/tools/ant/taskdefs/condition/Condition done
Event: 1.735 loading class org/apache/tools/ant/util/FileUtils
Event: 1.735 loading class org/apache/tools/ant/util/FileUtils done
Event: 1.736 loading class java/nio/file/attribute/PosixFilePermission
Event: 1.736 loading class java/nio/file/attribute/PosixFilePermission done
Event: 1.736 loading class java/nio/file/NoSuchFileException
Event: 1.736 loading class java/nio/file/FileSystemException
Event: 1.736 loading class java/nio/file/FileSystemException done
Event: 1.736 loading class java/nio/file/NoSuchFileException done
Event: 1.736 loading class org/apache/tools/ant/util/FileUtils$1
Event: 1.736 loading class org/apache/tools/ant/util/FileUtils$1 done
Event: 1.737 loading class java/nio/file/attribute/PosixFilePermissions
Event: 1.737 Executing VM operation: CollectForMetadataAllocation


Dynamic libraries:
0x00007ff7edfc0000 - 0x00007ff7edfca000 	C:\Program Files\Android\Android Studio\jre\bin\java.exe
0x00007ffedd8d0000 - 0x00007ffeddac5000 	C:\Windows\SYSTEM32\ntdll.dll
0x00007ffedbbd0000 - 0x00007ffedbc8e000 	C:\Windows\System32\KERNEL32.DLL
0x00007ffedb620000 - 0x00007ffedb8e9000 	C:\Windows\System32\KERNELBASE.dll
0x00007ffedb060000 - 0x00007ffedb160000 	C:\Windows\System32\ucrtbase.dll
0x00007ffeb2490000 - 0x00007ffeb24a9000 	C:\Program Files\Android\Android Studio\jre\bin\jli.dll
0x00007ffedccf0000 - 0x00007ffedce91000 	C:\Windows\System32\USER32.dll
0x00007ffedb460000 - 0x00007ffedb482000 	C:\Windows\System32\win32u.dll
0x00007ffed16a0000 - 0x00007ffed193a000 	C:\Windows\WinSxS\amd64_microsoft.windows.common-controls_6595b64144ccf1df_6.0.19041.1110_none_60b5254171f9507e\COMCTL32.dll
0x00007ffedd730000 - 0x00007ffedd75b000 	C:\Windows\System32\GDI32.dll
0x00007ffedd690000 - 0x00007ffedd72e000 	C:\Windows\System32\msvcrt.dll
0x00007ffedb4c0000 - 0x00007ffedb5cb000 	C:\Windows\System32\gdi32full.dll
0x00007ffedafc0000 - 0x00007ffedb05d000 	C:\Windows\System32\msvcp_win.dll
0x00007ffeaf4c0000 - 0x00007ffeaf4d7000 	C:\Program Files\Android\Android Studio\jre\bin\VCRUNTIME140.dll
0x00007ffedcf60000 - 0x00007ffedcf90000 	C:\Windows\System32\IMM32.DLL
0x00007ffe82e20000 - 0x00007ffe82ebd000 	C:\Program Files\Android\Android Studio\jre\bin\msvcp140.dll
0x00007ffe7ff50000 - 0x00007ffe80a1f000 	C:\Program Files\Android\Android Studio\jre\bin\server\jvm.dll
0x00007ffedcb40000 - 0x00007ffedcbec000 	C:\Windows\System32\ADVAPI32.dll
0x00007ffedd7c0000 - 0x00007ffedd85b000 	C:\Windows\System32\sechost.dll
0x00007ffedb8f0000 - 0x00007ffedba1a000 	C:\Windows\System32\RPCRT4.dll
0x00007ffedd550000 - 0x00007ffedd558000 	C:\Windows\System32\PSAPI.DLL
0x00007ffec41c0000 - 0x00007ffec41ca000 	C:\Windows\SYSTEM32\VERSION.dll
0x00007ffea67d0000 - 0x00007ffea67d9000 	C:\Windows\SYSTEM32\WSOCK32.dll
0x00007ffebc150000 - 0x00007ffebc177000 	C:\Windows\SYSTEM32\WINMM.dll
0x00007ffedcc80000 - 0x00007ffedcceb000 	C:\Windows\System32\WS2_32.dll
0x00007ffed9cf0000 - 0x00007ffed9d02000 	C:\Windows\SYSTEM32\kernel.appcore.dll
0x00007ffea67b0000 - 0x00007ffea67c1000 	C:\Program Files\Android\Android Studio\jre\bin\verify.dll
0x00007ffed5bf0000 - 0x00007ffed5dd4000 	C:\Windows\SYSTEM32\DBGHELP.DLL
0x00007ffebaf70000 - 0x00007ffebaf9c000 	C:\Windows\SYSTEM32\dbgcore.DLL
0x00007ffedb3d0000 - 0x00007ffedb453000 	C:\Windows\System32\bcryptPrimitives.dll
0x00007ffe80c60000 - 0x00007ffe80c89000 	C:\Program Files\Android\Android Studio\jre\bin\java.dll
0x00007ffea67a0000 - 0x00007ffea67ab000 	C:\Program Files\Android\Android Studio\jre\bin\jimage.dll
0x00007ffe80c40000 - 0x00007ffe80c58000 	C:\Program Files\Android\Android Studio\jre\bin\zip.dll
0x00007ffedc400000 - 0x00007ffedcb3f000 	C:\Windows\System32\SHELL32.dll
0x00007ffed5f50000 - 0x00007ffed66e0000 	C:\Windows\SYSTEM32\windows.storage.dll
0x00007ffedc040000 - 0x00007ffedc395000 	C:\Windows\System32\combase.dll
0x00007ffeda9a0000 - 0x00007ffeda9cc000 	C:\Windows\SYSTEM32\Wldp.dll
0x00007ffedbc90000 - 0x00007ffedbd3d000 	C:\Windows\System32\SHCORE.dll
0x00007ffedcf00000 - 0x00007ffedcf55000 	C:\Windows\System32\shlwapi.dll
0x00007ffedaf00000 - 0x00007ffedaf1f000 	C:\Windows\SYSTEM32\profapi.dll
0x00007ffe80c20000 - 0x00007ffe80c3a000 	C:\Program Files\Android\Android Studio\jre\bin\net.dll
0x00007ffed29c0000 - 0x00007ffed2ac8000 	C:\Windows\SYSTEM32\WINHTTP.dll
0x00007ffeda700000 - 0x00007ffeda76a000 	C:\Windows\system32\mswsock.dll
0x00007ffe80c00000 - 0x00007ffe80c14000 	C:\Program Files\Android\Android Studio\jre\bin\nio.dll
0x00007ffeb1960000 - 0x00007ffeb1987000 	C:\Users\feandrade\.gradle\native\8bec1ad78214c89d9ad589b4d07fe93259594b29d510b10fafb7a158f7737e5d\windows-amd64\native-platform.dll
0x00007ffe83fd0000 - 0x00007ffe8410d000 	C:\Users\feandrade\.gradle\native\53dbd7edfb1c66fb8903c78663c9afc45aea4f116125fa6feffd364cf09443e8\windows-amd64\native-platform-file-events.dll
0x00007ffea6790000 - 0x00007ffea679a000 	C:\Program Files\Android\Android Studio\jre\bin\management.dll
0x00007ffe80bf0000 - 0x00007ffe80bfc000 	C:\Program Files\Android\Android Studio\jre\bin\management_ext.dll
0x00007ffeda8f0000 - 0x00007ffeda908000 	C:\Windows\SYSTEM32\CRYPTSP.dll
0x00007ffeda020000 - 0x00007ffeda054000 	C:\Windows\system32\rsaenh.dll
0x00007ffedb490000 - 0x00007ffedb4b7000 	C:\Windows\System32\bcrypt.dll
0x00007ffedae80000 - 0x00007ffedaeae000 	C:\Windows\SYSTEM32\USERENV.dll
0x00007ffeda910000 - 0x00007ffeda91c000 	C:\Windows\SYSTEM32\CRYPTBASE.dll
0x00007ffeda3f0000 - 0x00007ffeda42b000 	C:\Windows\SYSTEM32\IPHLPAPI.DLL
0x00007ffedd490000 - 0x00007ffedd498000 	C:\Windows\System32\NSI.dll
0x00007ffed2440000 - 0x00007ffed2457000 	C:\Windows\SYSTEM32\dhcpcsvc6.DLL
0x00007ffed2420000 - 0x00007ffed243d000 	C:\Windows\SYSTEM32\dhcpcsvc.DLL
0x00007ffeda430000 - 0x00007ffeda4fc000 	C:\Windows\SYSTEM32\DNSAPI.dll

dbghelp: loaded successfully - version: 4.0.5 - missing functions: none
symbol engine: initialized successfully - sym options: 0x614 - pdb path: .;C:\Program Files\Android\Android Studio\jre\bin;C:\Windows\SYSTEM32;C:\Windows\WinSxS\amd64_microsoft.windows.common-controls_6595b64144ccf1df_6.0.19041.1110_none_60b5254171f9507e;C:\Program Files\Android\Android Studio\jre\bin\server;C:\Users\feandrade\.gradle\native\8bec1ad78214c89d9ad589b4d07fe93259594b29d510b10fafb7a158f7737e5d\windows-amd64;C:\Users\feandrade\.gradle\native\53dbd7edfb1c66fb8903c78663c9afc45aea4f116125fa6feffd364cf09443e8\windows-amd64

VM Arguments:
jvm_args: --add-opens=java.base/java.util=ALL-UNNAMED --add-opens=java.base/java.lang=ALL-UNNAMED --add-opens=java.base/java.lang.invoke=ALL-UNNAMED --add-opens=java.base/java.util=ALL-UNNAMED --add-opens=java.prefs/java.util.prefs=ALL-UNNAMED --add-opens=java.prefs/java.util.prefs=ALL-UNNAMED --add-opens=java.base/java.nio.charset=ALL-UNNAMED --add-opens=java.base/java.net=ALL-UNNAMED --add-opens=java.base/java.util.concurrent.atomic=ALL-UNNAMED -Xmx2048m -Dfile.encoding=UTF-8 -Duser.country=BR -Duser.language=pt -Duser.variant 
java_command: org.gradle.launcher.daemon.bootstrap.GradleDaemon 7.0.2
java_class_path (initial): C:\Users\feandrade\.gradle\wrapper\dists\gradle-7.0.2-bin\857tjihv64xamwrf0h14cai3r\gradle-7.0.2\lib\gradle-launcher-7.0.2.jar
Launcher Type: SUN_STANDARD

[Global flags]
     intx CICompilerCount                          = 4                                         {product} {ergonomic}
     uint ConcGCThreads                            = 2                                         {product} {ergonomic}
     uint G1ConcRefinementThreads                  = 8                                         {product} {ergonomic}
   size_t G1HeapRegionSize                         = 1048576                                   {product} {ergonomic}
    uintx GCDrainStackTargetSize                   = 64                                        {product} {ergonomic}
   size_t InitialHeapSize                          = 266338304                                 {product} {ergonomic}
   size_t MarkStackSize                            = 4194304                                   {product} {ergonomic}
   size_t MaxHeapSize                              = 2147483648                                {product} {command line}
   size_t MaxNewSize                               = 1287651328                                {product} {ergonomic}
   size_t MinHeapDeltaBytes                        = 1048576                                   {product} {ergonomic}
    uintx NonNMethodCodeHeapSize                   = 5836300                                {pd product} {ergonomic}
    uintx NonProfiledCodeHeapSize                  = 122910970                              {pd product} {ergonomic}
    uintx ProfiledCodeHeapSize                     = 122910970                              {pd product} {ergonomic}
    uintx ReservedCodeCacheSize                    = 251658240                              {pd product} {ergonomic}
     bool SegmentedCodeCache                       = true                                      {product} {ergonomic}
     bool UseCompressedClassPointers               = true                                 {lp64_product} {ergonomic}
     bool UseCompressedOops                        = true                                 {lp64_product} {ergonomic}
     bool UseG1GC                                  = true                                      {product} {ergonomic}
     bool UseLargePagesIndividualAllocation        = false                                  {pd product} {ergonomic}

Logging:
Log output configuration:
 #0: stdout all=warning uptime,level,tags
 #1: stderr all=off uptime,level,tags

Environment Variables:
PATH=C:\Program Files (x86)\Common Files\Oracle\Java\javapath;C:\Windows\system32;C:\Windows;C:\Windows\System32\Wbem;C:\Windows\System32\WindowsPowerShell\v1.0\;C:\Windows\System32\OpenSSH\;C:\Program Files\Git\cmd;C:\Users\feandrade\AppData\Local\Microsoft\WindowsApps;
USERNAME=feandrade
OS=Windows_NT
PROCESSOR_IDENTIFIER=Intel64 Family 6 Model 142 Stepping 12, GenuineIntel



---------------  S Y S T E M  ---------------

OS: Windows 10 , 64 bit Build 19041 (10.0.19041.1202)
OS uptime: 0 days 2:43 hours

CPU:total 8 (initial active 8) (4 cores per cpu, 2 threads per core) family 6 model 142 stepping 12 microcode 0xd6, cmov, cx8, fxsr, mmx, sse, sse2, sse3, ssse3, sse4.1, sse4.2, popcnt, avx, avx2, aes, clmul, erms, 3dnowpref, lzcnt, ht, tsc, tscinvbit, bmi1, bmi2, adx, fma

Memory: 4k page, system-wide physical 16140M (8838M free)
TotalPageFile size 18572M (AvailPageFile size 10902M)
current process WorkingSet (physical memory assigned to process): 220M, peak: 220M
current process commit charge ("private bytes"): 400M, peak: 400M

vm_info: OpenJDK 64-Bit Server VM (11.0.10+0-b96-7249189) for windows-amd64 JRE (11.0.10+0-b96-7249189), built on Mar 31 2021 21:44:00 by "builder" with MS VC++ 14.0 (VS2015)

END.
